<?xml version="1.0" encoding="UTF-8"?>
<!-- Generated by org.testng.reporters.JUnitReportReporter -->
<testsuite skipped="0" hostname="NCS-PC" name="First1.data" tests="7" failures="0" timestamp="2020-09-14T23:38:43 IST" time="21.564" errors="0">
  <testcase name="a" time="3.781" classname="First1.data"/>
  <system-out/>
  <testcase name="c" time="0.310" classname="First1.data"/>
  <system-out/>
  <testcase name="d" time="0.002" classname="First1.data"/>
  <system-out/>
  <testcase name="c" time="0.394" classname="First1.data"/>
  <system-out/>
  <testcase name="b" time="16.812" classname="First1.data"/>
  <system-out/>
  <testcase name="e" time="0.002" classname="First1.data"/>
  <system-out/>
  <testcase name="c" time="0.263" classname="First1.data"/>
  <system-out/>
</testsuite> <!-- First1.data -->
