<?xml version="1.0" encoding="UTF-8"?>
<!-- Generated by org.testng.reporters.JUnitReportReporter -->
<testsuite skipped="0" hostname="NCS-PC" name="First1.Priority" tests="6" failures="0" timestamp="2020-09-14T23:51:32 IST" time="0.024" errors="0">
  <testcase name="World" time="0.012" classname="First1.Priority"/>
  <system-out/>
  <testcase name="Data" time="0.004" classname="First1.Priority"/>
  <system-out/>
  <testcase name="Hike" time="0.002" classname="First1.Priority"/>
  <system-out/>
  <testcase name="ApiLogout" time="0.002" classname="First1.Priority"/>
  <system-out/>
  <testcase name="Excel" time="0.002" classname="First1.Priority"/>
  <system-out/>
  <testcase name="ApiLogin" time="0.002" classname="First1.Priority"/>
  <system-out/>
</testsuite> <!-- First1.Priority -->
