<?xml version="1.0" encoding="UTF-8"?>
<!-- Generated by org.testng.reporters.JUnitReportReporter -->
<testsuite skipped="0" hostname="NCS-PC" name="First2.day4" tests="1" failures="0" timestamp="2020-09-14T00:15:04 IST" time="0.003" errors="0">
  <testcase name="MobileLoginHomeLoan" time="0.003" classname="First2.day4"/>
  <system-out/>
</testsuite> <!-- First2.day4 -->
