<?xml version="1.0" encoding="UTF-8"?>
<!-- Generated by org.testng.reporters.JUnitReportReporter -->
<testsuite skipped="0" hostname="NCS-PC" name="First1.day2" tests="4" failures="0" timestamp="2020-09-14T00:15:04 IST" time="0.006" errors="0">
  <testcase name="WebLogout" time="0.001" classname="First1.day2"/>
  <system-out/>
  <testcase name="WebFacebook" time="0.003" classname="First1.day2"/>
  <system-out/>
  <testcase name="WebWhatsup" time="0.001" classname="First1.day2"/>
  <system-out/>
  <testcase name="WebLogin" time="0.001" classname="First1.day2"/>
  <system-out/>
</testsuite> <!-- First1.day2 -->
