<?xml version="1.0" encoding="UTF-8"?>
<!-- Generated by org.testng.reporters.JUnitReportReporter -->
<testsuite skipped="1" hostname="NCS-PC" name="First1.day3" tests="4" failures="0" timestamp="2020-09-14T00:15:04 IST" time="0.005" errors="0">
  <testcase name="Hike" time="0.001" classname="First1.day3"/>
  <system-out/>
  <testcase name="World" time="0.002" classname="First1.day3"/>
  <system-out/>
  <testcase name="Data" time="0.002" classname="First1.day3"/>
  <system-out/>
  <testcase name="Excel" classname="First1.day3">
    <skipped/>
  </testcase> <!-- Excel -->
  <system-out/>
</testsuite> <!-- First1.day3 -->
