<?xml version="1.0" encoding="UTF-8"?>
<!-- Generated by org.testng.reporters.JUnitReportReporter -->
<testsuite skipped="0" hostname="NCS-PC" name="First1.Priority_demo" tests="3" failures="0" timestamp="2020-09-16T15:09:33 IST" time="420.403" errors="0">
  <testcase name="google" time="119.592" classname="First1.Priority_demo"/>
  <system-out/>
  <testcase name="Quickyes" time="245.161" classname="First1.Priority_demo"/>
  <system-out/>
  <testcase name="facebook" time="55.650" classname="First1.Priority_demo"/>
  <system-out/>
</testsuite> <!-- First1.Priority_demo -->
