<?xml version="1.0" encoding="UTF-8"?>
<!-- Generated by org.testng.reporters.JUnitReportReporter -->
<testsuite skipped="0" hostname="NCS-PC" name="First1.day1" tests="4" failures="0" timestamp="2020-09-14T00:15:04 IST" time="0.009" errors="0">
  <testcase name="Instagram" time="0.003" classname="First1.day1"/>
  <system-out/>
  <testcase name="WhatsupChecking" time="0.003" classname="First1.day1"/>
  <system-out/>
  <testcase name="Facebook" time="0.002" classname="First1.day1"/>
  <system-out/>
  <testcase name="MobileSendingMessage" time="0.001" classname="First1.day1"/>
  <system-out/>
</testsuite> <!-- First1.day1 -->
