<?xml version="1.0" encoding="UTF-8"?>
<!-- Generated by org.testng.reporters.JUnitReportReporter -->
<testsuite skipped="0" hostname="NCS-PC" name="First1.Parameter" tests="8" failures="0" timestamp="2020-09-15T00:22:50 IST" time="56.432" errors="0">
  <testcase name="taskcomplete" time="5.088" classname="First1.Parameter"/>
  <system-out/>
  <testcase name="Enterurl" time="14.460" classname="First1.Parameter"/>
  <system-out/>
  <testcase name="openbrowser" time="3.717" classname="First1.Parameter"/>
  <system-out/>
  <testcase name="datatitle" time="0.219" classname="First1.Parameter"/>
  <system-out/>
  <testcase name="datatitle" time="0.195" classname="First1.Parameter"/>
  <system-out/>
  <testcase name="taskcomplete" time="5.093" classname="First1.Parameter"/>
  <system-out/>
  <testcase name="openbrowser" time="2.758" classname="First1.Parameter"/>
  <system-out/>
  <testcase name="Enterurl" time="24.902" classname="First1.Parameter"/>
  <system-out/>
</testsuite> <!-- First1.Parameter -->
