<?xml version="1.0" encoding="UTF-8"?>
<!-- Generated by org.testng.reporters.JUnitReportReporter -->
<testsuite skipped="0" hostname="NCS-PC" name="First1.DependOnMethod" tests="3" failures="0" timestamp="2020-09-14T00:15:04 IST" time="24.791" errors="0">
  <testcase name="Enterurl" time="21.001" classname="First1.DependOnMethod"/>
  <system-out/>
  <testcase name="openbrowser" time="3.764" classname="First1.DependOnMethod"/>
  <system-out/>
  <testcase name="Title" time="0.026" classname="First1.DependOnMethod"/>
  <system-out/>
</testsuite> <!-- First1.DependOnMethod -->
