<?xml version="1.0" encoding="UTF-8"?>
<!-- Generated by org.testng.reporters.JUnitReportReporter -->
<testsuite skipped="0" hostname="NCS-PC" name="First1.day4" tests="5" failures="0" timestamp="2020-09-14T00:15:04 IST" time="0.007" errors="0">
  <testcase name="Dog" time="0.002" classname="First1.day4"/>
  <system-out/>
  <testcase name="Boy" time="0.001" classname="First1.day4"/>
  <system-out/>
  <testcase name="Elephant" time="0.002" classname="First1.day4"/>
  <system-out/>
  <testcase name="Cat" time="0.001" classname="First1.day4"/>
  <system-out/>
  <testcase name="Apple" time="0.001" classname="First1.day4"/>
  <system-out/>
</testsuite> <!-- First1.day4 -->
